<?xml version="1.0" encoding="UTF-8"?>
<testsuite name="KnightTest" tests="2" skipped="0" failures="0" errors="0" timestamp="2025-02-11T15:46:22" hostname="lmde6" time="0.006">
  <properties/>
  <testcase name="getNextMovementsWithoutPieces" classname="KnightTest" time="0.002"/>
  <testcase name="getNextMovementsWithPieces" classname="KnightTest" time="0.004"/>
  <system-out><![CDATA[Caso utilizado:
    A  B  C  D  E  F  G  H
 1 ?[48;2;180;180;180m   ?[0m?[48;2;100;100;100m   ?[0m?[48;2;180;180;180m   ?[0m?[48;2;100;100;100m   ?[0m?[48;2;180;180;180m   ?[0m?[48;2;100;100;100m   ?[0m?[48;2;180;180;180m   ?[0m?[48;2;100;100;100m   ?[0m 1
 2 ?[48;2;100;100;100m   ?[0m?[48;2;180;180;180m   ?[0m?[48;2;100;100;100m   ?[0m?[48;2;180;180;180m   ?[0m?[48;2;100;100;100m   ?[0m?[48;2;180;180;180m   ?[0m?[48;2;100;100;100m   ?[0m?[48;2;180;180;180m   ?[0m 2
 3 ?[48;2;180;180;180m   ?[0m?[48;2;100;100;100m   ?[0m?[48;2;180;180;0m   ?[0m?[48;2;100;100;100m   ?[0m?[48;2;180;180;0m   ?[0m?[48;2;100;100;100m   ?[0m?[48;2;180;180;180m   ?[0m?[48;2;100;100;100m   ?[0m 3
 4 ?[48;2;100;100;100m   ?[0m?[48;2;180;180;0m   ?[0m?[48;2;100;100;100m   ?[0m?[48;2;180;180;180m   ?[0m?[48;2;100;100;100m   ?[0m?[48;2;180;180;0m   ?[0m?[48;2;100;100;100m   ?[0m?[48;2;180;180;180m   ?[0m 4
 5 ?[48;2;180;180;180m   ?[0m?[48;2;100;100;100m   ?[0m?[48;2;180;180;180m   ?[0m?[48;2;100;100;100m ?[0m?[38;2;0;0;0;48;2;100;100;100m♞?[0m?[48;2;100;100;100m ?[0m?[48;2;180;180;180m   ?[0m?[48;2;100;100;100m   ?[0m?[48;2;180;180;180m   ?[0m?[48;2;100;100;100m   ?[0m 5
 6 ?[48;2;100;100;100m   ?[0m?[48;2;180;180;0m   ?[0m?[48;2;100;100;100m   ?[0m?[48;2;180;180;180m   ?[0m?[48;2;100;100;100m   ?[0m?[48;2;180;180;0m   ?[0m?[48;2;100;100;100m   ?[0m?[48;2;180;180;180m   ?[0m 6
 7 ?[48;2;180;180;180m   ?[0m?[48;2;100;100;100m   ?[0m?[48;2;180;180;0m   ?[0m?[48;2;100;100;100m   ?[0m?[48;2;180;180;0m   ?[0m?[48;2;100;100;100m   ?[0m?[48;2;180;180;180m   ?[0m?[48;2;100;100;100m   ?[0m 7
 8 ?[48;2;100;100;100m   ?[0m?[48;2;180;180;180m   ?[0m?[48;2;100;100;100m   ?[0m?[48;2;180;180;180m   ?[0m?[48;2;100;100;100m   ?[0m?[48;2;180;180;180m   ?[0m?[48;2;100;100;100m   ?[0m?[48;2;180;180;180m   ?[0m 8
    A  B  C  D  E  F  G  H
Expected: [(C,3), (E,3), (C,7), (E,7), (F,4), (F,6), (B,4), (B,6)]
Actual: [(C,3), (E,3), (B,4), (F,4), (B,6), (F,6), (C,7), (E,7)]
Caso utilizado:
    A  B  C  D  E  F  G  H
 1 ?[48;2;180;180;180m   ?[0m?[48;2;100;100;100m   ?[0m?[48;2;180;180;180m   ?[0m?[48;2;100;100;100m ?[0m?[38;2;0;0;0;48;2;100;100;100m♞?[0m?[48;2;100;100;100m ?[0m?[48;2;180;180;180m   ?[0m?[48;2;100;100;100m   ?[0m?[48;2;180;180;180m   ?[0m?[48;2;130;0;0m ?[0m?[97;48;2;130;0;0m♞?[0m?[48;2;130;0;0m ?[0m 1
 2 ?[48;2;100;100;100m   ?[0m?[48;2;180;180;180m   ?[0m?[48;2;100;100;100m   ?[0m?[48;2;180;180;180m   ?[0m?[48;2;100;100;100m   ?[0m?[48;2;180;180;180m ?[0m?[38;2;0;0;0;48;2;180;180;180m♞?[0m?[48;2;180;180;180m ?[0m?[48;2;100;100;100m   ?[0m?[48;2;180;180;180m   ?[0m 2
 3 ?[48;2;180;180;180m   ?[0m?[48;2;100;100;100m   ?[0m?[48;2;180;180;180m   ?[0m?[48;2;130;130;0m   ?[0m?[48;2;180;180;180m   ?[0m?[48;2;100;100;100m   ?[0m?[48;2;180;180;180m   ?[0m?[48;2;130;130;0m   ?[0m 3
 4 ?[48;2;100;100;100m   ?[0m?[48;2;180;180;180m   ?[0m?[48;2;100;100;100m   ?[0m?[48;2;180;180;180m   ?[0m?[48;2;100;100;100m ?[0m?[38;2;0;0;0;48;2;100;100;100m♞?[0m?[48;2;100;100;100m ?[0m?[48;2;180;180;180m   ?[0m?[48;2;130;0;0m ?[0m?[97;48;2;130;0;0m♞?[0m?[48;2;130;0;0m ?[0m?[48;2;180;180;180m   ?[0m 4
 5 ?[48;2;180;180;180m   ?[0m?[48;2;100;100;100m   ?[0m?[48;2;180;180;180m   ?[0m?[48;2;100;100;100m   ?[0m?[48;2;180;180;180m   ?[0m?[48;2;100;100;100m   ?[0m?[48;2;180;180;180m   ?[0m?[48;2;100;100;100m   ?[0m 5
 6 ?[48;2;100;100;100m   ?[0m?[48;2;180;180;180m   ?[0m?[48;2;100;100;100m   ?[0m?[48;2;180;180;180m   ?[0m?[48;2;100;100;100m   ?[0m?[48;2;180;180;180m   ?[0m?[48;2;100;100;100m   ?[0m?[48;2;180;180;180m   ?[0m 6
 7 ?[48;2;180;180;180m   ?[0m?[48;2;100;100;100m   ?[0m?[48;2;180;180;180m   ?[0m?[48;2;100;100;100m   ?[0m?[48;2;180;180;180m   ?[0m?[48;2;100;100;100m   ?[0m?[48;2;180;180;180m   ?[0m?[48;2;100;100;100m   ?[0m 7
 8 ?[48;2;100;100;100m   ?[0m?[48;2;180;180;180m   ?[0m?[48;2;100;100;100m   ?[0m?[48;2;180;180;180m   ?[0m?[48;2;100;100;100m   ?[0m?[48;2;180;180;180m   ?[0m?[48;2;100;100;100m   ?[0m?[48;2;180;180;180m   ?[0m 8
    A  B  C  D  E  F  G  H
Expected: [(H,1), (H,3), (G,4), (D,3)]
Actual: [(H,1), (D,3), (H,3), (G,4)]
]]></system-out>
  <system-err><![CDATA[]]></system-err>
</testsuite>
