<?xml version="1.0" encoding="UTF-8"?>
<testsuite name="PieceTest" tests="2" skipped="0" failures="0" errors="0" timestamp="2025-02-11T15:46:22" hostname="lmde6" time="0.0">
  <properties/>
  <testcase name="getNextMovementsTests" classname="PieceTest" time="0.0"/>
  <testcase name="abstractClassTest" classname="PieceTest" time="0.0"/>
  <system-out><![CDATA[]]></system-out>
  <system-err><![CDATA[]]></system-err>
</testsuite>
