<?xml version="1.0" encoding="UTF-8"?>
<testsuite name="BishopTest" tests="2" skipped="0" failures="0" errors="0" timestamp="2025-02-11T15:46:22" hostname="lmde6" time="0.005">
  <properties/>
  <testcase name="getNextMovementsWithoutPieces" classname="BishopTest" time="0.002"/>
  <testcase name="getNextMovementsWithPieces" classname="BishopTest" time="0.002"/>
  <system-out><![CDATA[Caso utilizado:
    A  B  C  D  E  F  G  H
 1 ?[48;2;180;180;0m   ?[0m?[48;2;100;100;100m   ?[0m?[48;2;180;180;180m   ?[0m?[48;2;100;100;100m   ?[0m?[48;2;180;180;0m   ?[0m?[48;2;100;100;100m   ?[0m?[48;2;180;180;180m   ?[0m?[48;2;100;100;100m   ?[0m 1
 2 ?[48;2;100;100;100m   ?[0m?[48;2;180;180;0m   ?[0m?[48;2;100;100;100m   ?[0m?[48;2;180;180;0m   ?[0m?[48;2;100;100;100m   ?[0m?[48;2;180;180;180m   ?[0m?[48;2;100;100;100m   ?[0m?[48;2;180;180;180m   ?[0m 2
 3 ?[48;2;180;180;180m   ?[0m?[48;2;100;100;100m   ?[0m?[48;2;180;180;180m ?[0m?[38;2;0;0;0;48;2;180;180;180m♝?[0m?[48;2;180;180;180m ?[0m?[48;2;100;100;100m   ?[0m?[48;2;180;180;180m   ?[0m?[48;2;100;100;100m   ?[0m?[48;2;180;180;180m   ?[0m?[48;2;100;100;100m   ?[0m 3
 4 ?[48;2;100;100;100m   ?[0m?[48;2;180;180;0m   ?[0m?[48;2;100;100;100m   ?[0m?[48;2;180;180;0m   ?[0m?[48;2;100;100;100m   ?[0m?[48;2;180;180;180m   ?[0m?[48;2;100;100;100m   ?[0m?[48;2;180;180;180m   ?[0m 4
 5 ?[48;2;180;180;0m   ?[0m?[48;2;100;100;100m   ?[0m?[48;2;180;180;180m   ?[0m?[48;2;100;100;100m   ?[0m?[48;2;180;180;0m   ?[0m?[48;2;100;100;100m   ?[0m?[48;2;180;180;180m   ?[0m?[48;2;100;100;100m   ?[0m 5
 6 ?[48;2;100;100;100m   ?[0m?[48;2;180;180;180m   ?[0m?[48;2;100;100;100m   ?[0m?[48;2;180;180;180m   ?[0m?[48;2;100;100;100m   ?[0m?[48;2;180;180;0m   ?[0m?[48;2;100;100;100m   ?[0m?[48;2;180;180;180m   ?[0m 6
 7 ?[48;2;180;180;180m   ?[0m?[48;2;100;100;100m   ?[0m?[48;2;180;180;180m   ?[0m?[48;2;100;100;100m   ?[0m?[48;2;180;180;180m   ?[0m?[48;2;100;100;100m   ?[0m?[48;2;180;180;0m   ?[0m?[48;2;100;100;100m   ?[0m 7
 8 ?[48;2;100;100;100m   ?[0m?[48;2;180;180;180m   ?[0m?[48;2;100;100;100m   ?[0m?[48;2;180;180;180m   ?[0m?[48;2;100;100;100m   ?[0m?[48;2;180;180;180m   ?[0m?[48;2;100;100;100m   ?[0m?[48;2;180;180;0m   ?[0m 8
    A  B  C  D  E  F  G  H
Expected: [(D,2), (E,1), (D,4), (E,5), (F,6), (G,7), (H,8), (B,4), (A,5), (B,2), (A,1)]
Actual: [(A,1), (E,1), (B,2), (D,2), (B,4), (D,4), (A,5), (E,5), (F,6), (G,7), (H,8)]
Caso utilizado:
    A  B  C  D  E  F  G  H
 1 ?[48;2;180;180;0m   ?[0m?[48;2;100;100;100m   ?[0m?[48;2;180;180;180m   ?[0m?[48;2;100;100;100m   ?[0m?[48;2;180;0;0m ?[0m?[97;48;2;180;0;0m♞?[0m?[48;2;180;0;0m ?[0m?[48;2;100;100;100m   ?[0m?[48;2;180;180;180m   ?[0m?[48;2;100;100;100m   ?[0m 1
 2 ?[48;2;100;100;100m   ?[0m?[48;2;180;180;0m   ?[0m?[48;2;100;100;100m   ?[0m?[48;2;180;180;0m   ?[0m?[48;2;100;100;100m   ?[0m?[48;2;180;180;180m   ?[0m?[48;2;100;100;100m   ?[0m?[48;2;180;180;180m   ?[0m 2
 3 ?[48;2;180;180;180m   ?[0m?[48;2;100;100;100m   ?[0m?[48;2;180;180;180m ?[0m?[38;2;0;0;0;48;2;180;180;180m♝?[0m?[48;2;180;180;180m ?[0m?[48;2;100;100;100m   ?[0m?[48;2;180;180;180m   ?[0m?[48;2;100;100;100m   ?[0m?[48;2;180;180;180m   ?[0m?[48;2;100;100;100m   ?[0m 3
 4 ?[48;2;100;100;100m   ?[0m?[48;2;180;180;0m   ?[0m?[48;2;100;100;100m   ?[0m?[48;2;180;180;0m   ?[0m?[48;2;100;100;100m   ?[0m?[48;2;180;180;180m   ?[0m?[48;2;100;100;100m   ?[0m?[48;2;180;180;180m   ?[0m 4
 5 ?[48;2;180;180;180m ?[0m?[38;2;0;0;0;48;2;180;180;180m♞?[0m?[48;2;180;180;180m ?[0m?[48;2;100;100;100m   ?[0m?[48;2;180;180;180m   ?[0m?[48;2;100;100;100m   ?[0m?[48;2;180;180;180m ?[0m?[38;2;0;0;0;48;2;180;180;180m♞?[0m?[48;2;180;180;180m ?[0m?[48;2;100;100;100m   ?[0m?[48;2;180;180;180m   ?[0m?[48;2;100;100;100m   ?[0m 5
 6 ?[48;2;100;100;100m   ?[0m?[48;2;180;180;180m   ?[0m?[48;2;100;100;100m   ?[0m?[48;2;180;180;180m   ?[0m?[48;2;100;100;100m   ?[0m?[48;2;180;180;180m   ?[0m?[48;2;100;100;100m   ?[0m?[48;2;180;180;180m   ?[0m 6
 7 ?[48;2;180;180;180m   ?[0m?[48;2;100;100;100m   ?[0m?[48;2;180;180;180m   ?[0m?[48;2;100;100;100m   ?[0m?[48;2;180;180;180m   ?[0m?[48;2;100;100;100m   ?[0m?[48;2;180;180;180m   ?[0m?[48;2;100;100;100m   ?[0m 7
 8 ?[48;2;100;100;100m   ?[0m?[48;2;180;180;180m   ?[0m?[48;2;100;100;100m   ?[0m?[48;2;180;180;180m   ?[0m?[48;2;100;100;100m   ?[0m?[48;2;180;180;180m   ?[0m?[48;2;100;100;100m   ?[0m?[48;2;180;180;180m   ?[0m 8
    A  B  C  D  E  F  G  H
Expected: [(D,2), (E,1), (D,4), (B,4), (B,2), (A,1)]
Actual: [(A,1), (E,1), (B,2), (D,2), (B,4), (D,4)]
]]></system-out>
  <system-err><![CDATA[]]></system-err>
</testsuite>
