<?xml version="1.0" encoding="UTF-8"?>
<testsuite name="KingTest" tests="2" skipped="0" failures="0" errors="0" timestamp="2025-02-11T15:46:22" hostname="lmde6" time="0.011">
  <properties/>
  <testcase name="getNextMovementsWithoutPieces" classname="KingTest" time="0.01"/>
  <testcase name="getNextMovementsWithPieces" classname="KingTest" time="0.001"/>
  <system-out><![CDATA[Caso utilizado:
    A  B  C  D  E  F  G  H
 1 ?[48;2;180;180;180m   ?[0m?[48;2;100;100;100m   ?[0m?[48;2;180;180;180m   ?[0m?[48;2;100;100;100m   ?[0m?[48;2;180;180;180m   ?[0m?[48;2;100;100;100m   ?[0m?[48;2;180;180;180m   ?[0m?[48;2;100;100;100m   ?[0m 1
 2 ?[48;2;100;100;100m   ?[0m?[48;2;180;180;180m   ?[0m?[48;2;100;100;100m   ?[0m?[48;2;180;180;180m   ?[0m?[48;2;100;100;100m   ?[0m?[48;2;180;180;180m   ?[0m?[48;2;100;100;100m   ?[0m?[48;2;180;180;180m   ?[0m 2
 3 ?[48;2;180;180;180m   ?[0m?[48;2;100;100;100m   ?[0m?[48;2;180;180;180m   ?[0m?[48;2;130;130;0m   ?[0m?[48;2;180;180;0m   ?[0m?[48;2;130;130;0m   ?[0m?[48;2;180;180;180m   ?[0m?[48;2;100;100;100m   ?[0m 3
 4 ?[48;2;100;100;100m   ?[0m?[48;2;180;180;180m   ?[0m?[48;2;100;100;100m   ?[0m?[48;2;180;180;0m   ?[0m?[48;2;100;100;100m ?[0m?[38;2;0;0;0;48;2;100;100;100m♚?[0m?[48;2;100;100;100m ?[0m?[48;2;180;180;0m   ?[0m?[48;2;100;100;100m   ?[0m?[48;2;180;180;180m   ?[0m 4
 5 ?[48;2;180;180;180m   ?[0m?[48;2;100;100;100m   ?[0m?[48;2;180;180;180m   ?[0m?[48;2;130;130;0m   ?[0m?[48;2;180;180;0m   ?[0m?[48;2;130;130;0m   ?[0m?[48;2;180;180;180m   ?[0m?[48;2;100;100;100m   ?[0m 5
 6 ?[48;2;100;100;100m   ?[0m?[48;2;180;180;180m   ?[0m?[48;2;100;100;100m   ?[0m?[48;2;180;180;180m   ?[0m?[48;2;100;100;100m   ?[0m?[48;2;180;180;180m   ?[0m?[48;2;100;100;100m   ?[0m?[48;2;180;180;180m   ?[0m 6
 7 ?[48;2;180;180;180m   ?[0m?[48;2;100;100;100m   ?[0m?[48;2;180;180;180m   ?[0m?[48;2;100;100;100m   ?[0m?[48;2;180;180;180m   ?[0m?[48;2;100;100;100m   ?[0m?[48;2;180;180;180m   ?[0m?[48;2;100;100;100m   ?[0m 7
 8 ?[48;2;100;100;100m   ?[0m?[48;2;180;180;180m   ?[0m?[48;2;100;100;100m   ?[0m?[48;2;180;180;180m   ?[0m?[48;2;100;100;100m   ?[0m?[48;2;180;180;180m   ?[0m?[48;2;100;100;100m   ?[0m?[48;2;180;180;180m   ?[0m 8
    A  B  C  D  E  F  G  H
Expected: [(E,3), (F,3), (F,4), (F,5), (E,5), (D,5), (D,4), (D,3)]
Actual: [(E,3), (F,3), (D,3), (F,4), (D,4), (F,5), (E,5), (D,5)]
Caso utilizado:
    A  B  C  D  E  F  G  H
 1 ?[48;2;180;180;180m   ?[0m?[48;2;100;100;100m   ?[0m?[48;2;180;180;180m   ?[0m?[48;2;100;100;100m   ?[0m?[48;2;180;180;180m   ?[0m?[48;2;100;100;100m   ?[0m?[48;2;180;180;180m   ?[0m?[48;2;100;100;100m   ?[0m 1
 2 ?[48;2;100;100;100m   ?[0m?[48;2;180;180;180m   ?[0m?[48;2;100;100;100m   ?[0m?[48;2;180;180;180m   ?[0m?[48;2;100;100;100m   ?[0m?[48;2;180;180;180m   ?[0m?[48;2;100;100;100m   ?[0m?[48;2;180;180;180m   ?[0m 2
 3 ?[48;2;180;180;180m   ?[0m?[48;2;100;100;100m   ?[0m?[48;2;180;180;180m   ?[0m?[48;2;130;130;0m   ?[0m?[48;2;180;180;0m   ?[0m?[48;2;100;100;100m ?[0m?[38;2;0;0;0;48;2;100;100;100m♜?[0m?[48;2;100;100;100m ?[0m?[48;2;180;180;180m   ?[0m?[48;2;100;100;100m   ?[0m 3
 4 ?[48;2;100;100;100m   ?[0m?[48;2;180;180;180m   ?[0m?[48;2;100;100;100m   ?[0m?[48;2;180;180;180m ?[0m?[38;2;0;0;0;48;2;180;180;180m♟?[0m?[48;2;180;180;180m ?[0m?[48;2;100;100;100m ?[0m?[38;2;0;0;0;48;2;100;100;100m♚?[0m?[48;2;100;100;100m ?[0m?[48;2;180;180;0m   ?[0m?[48;2;100;100;100m   ?[0m?[48;2;180;180;180m   ?[0m 4
 5 ?[48;2;180;180;180m   ?[0m?[48;2;100;100;100m   ?[0m?[48;2;180;180;180m   ?[0m?[48;2;130;130;0m   ?[0m?[48;2;180;0;0m ?[0m?[97;48;2;180;0;0m♜?[0m?[48;2;180;0;0m ?[0m?[48;2;130;130;0m   ?[0m?[48;2;180;180;180m   ?[0m?[48;2;100;100;100m   ?[0m 5
 6 ?[48;2;100;100;100m   ?[0m?[48;2;180;180;180m   ?[0m?[48;2;100;100;100m   ?[0m?[48;2;180;180;180m   ?[0m?[48;2;100;100;100m   ?[0m?[48;2;180;180;180m   ?[0m?[48;2;100;100;100m   ?[0m?[48;2;180;180;180m   ?[0m 6
 7 ?[48;2;180;180;180m   ?[0m?[48;2;100;100;100m   ?[0m?[48;2;180;180;180m   ?[0m?[48;2;100;100;100m   ?[0m?[48;2;180;180;180m   ?[0m?[48;2;100;100;100m   ?[0m?[48;2;180;180;180m   ?[0m?[48;2;100;100;100m   ?[0m 7
 8 ?[48;2;100;100;100m   ?[0m?[48;2;180;180;180m   ?[0m?[48;2;100;100;100m   ?[0m?[48;2;180;180;180m   ?[0m?[48;2;100;100;100m   ?[0m?[48;2;180;180;180m   ?[0m?[48;2;100;100;100m   ?[0m?[48;2;180;180;180m   ?[0m 8
    A  B  C  D  E  F  G  H
Expected: [(E,3), (F,4), (F,5), (E,5), (D,5), (D,3)]
Actual: [(E,3), (D,3), (F,4), (F,5), (E,5), (D,5)]
]]></system-out>
  <system-err><![CDATA[]]></system-err>
</testsuite>
