<?xml version="1.0" encoding="UTF-8"?>
<testsuite name="CoordinateTest" tests="1" skipped="0" failures="0" errors="0" timestamp="2024-12-04T12:03:45" hostname="DESKTOP-GPPF5FA" time="0.004">
  <properties/>
  <testcase name="testConstructorParametrizedCreated" classname="CoordinateTest" time="0.004"/>
  <system-out><![CDATA[]]></system-out>
  <system-err><![CDATA[]]></system-err>
</testsuite>
