<?xml version="1.0" encoding="UTF-8"?>
<testsuite name="PieceTests" tests="2" skipped="0" failures="0" errors="0" timestamp="2024-12-04T12:07:33" hostname="DESKTOP-GPPF5FA" time="0.006">
  <properties/>
  <testcase name="testConstructorParametrizedCreated" classname="PieceTests" time="0.005"/>
  <testcase name="pieceTypeFieldTest" classname="PieceTests" time="0.0"/>
  <system-out><![CDATA[]]></system-out>
  <system-err><![CDATA[]]></system-err>
</testsuite>
