<?xml version="1.0" encoding="UTF-8"?>
<testsuite name="CellTests" tests="1" skipped="0" failures="0" errors="0" timestamp="2025-01-07T15:12:57" hostname="lmde6" time="0.011">
  <properties/>
  <testcase name="toStringCellTests" classname="CellTests" time="0.011"/>
  <system-out><![CDATA[]]></system-out>
  <system-err><![CDATA[]]></system-err>
</testsuite>
