<?xml version="1.0" encoding="UTF-8"?>
<testsuite name="RookTests" tests="2" skipped="0" failures="0" errors="0" timestamp="2025-01-29T13:49:20" hostname="lmde6" time="0.016">
  <properties/>
  <testcase name="enumTest" classname="RookTests" time="0.013"/>
  <testcase name="constructorTest" classname="RookTests" time="0.002"/>
  <system-out><![CDATA[BLACK
BLACK_ROOK
]]></system-out>
  <system-err><![CDATA[]]></system-err>
</testsuite>
