<?xml version="1.0" encoding="UTF-8"?>
<testsuite name="IDeletedPieceManagerTest" tests="1" skipped="0" failures="0" errors="0" timestamp="2025-02-11T16:16:30" hostname="lmde6" time="0.0">
  <properties/>
  <testcase name="methodsTests" classname="IDeletedPieceManagerTest" time="0.0"/>
  <system-out><![CDATA[]]></system-out>
  <system-err><![CDATA[]]></system-err>
</testsuite>
